

Started GET "/" for 127.0.0.1 at 2015-06-22 14:28:07 +1200
Processing by Rails::WelcomeController#index as HTML
  Rendered /Users/jasmine/.rvm/gems/ruby-2.2.1/gems/railties-4.1.10/lib/rails/templates/rails/welcome/index.html.erb (3.1ms)
Completed 200 OK in 26ms (Views: 15.8ms | ActiveRecord: 0.0ms)


Started GET "/admin/revert_requests" for 127.0.0.1 at 2015-06-22 14:28:08 +1200

ActionController::RoutingError (No route matches [GET] "/admin/revert_requests"):
  actionpack (4.1.10) lib/action_dispatch/middleware/debug_exceptions.rb:21:in `call'
  actionpack (4.1.10) lib/action_dispatch/middleware/show_exceptions.rb:30:in `call'
  railties (4.1.10) lib/rails/rack/logger.rb:38:in `call_app'
  railties (4.1.10) lib/rails/rack/logger.rb:20:in `block in call'
  activesupport (4.1.10) lib/active_support/tagged_logging.rb:68:in `block in tagged'
  activesupport (4.1.10) lib/active_support/tagged_logging.rb:26:in `tagged'
  activesupport (4.1.10) lib/active_support/tagged_logging.rb:68:in `tagged'
  railties (4.1.10) lib/rails/rack/logger.rb:20:in `call'
  actionpack (4.1.10) lib/action_dispatch/middleware/request_id.rb:21:in `call'
  rack (1.5.5) lib/rack/methodoverride.rb:21:in `call'
  rack (1.5.5) lib/rack/runtime.rb:17:in `call'
  activesupport (4.1.10) lib/active_support/cache/strategy/local_cache_middleware.rb:26:in `call'
  rack (1.5.5) lib/rack/lock.rb:17:in `call'
  actionpack (4.1.10) lib/action_dispatch/middleware/static.rb:84:in `call'
  rack (1.5.5) lib/rack/sendfile.rb:112:in `call'
  railties (4.1.10) lib/rails/engine.rb:514:in `call'
  railties (4.1.10) lib/rails/application.rb:144:in `call'
  rack (1.5.5) lib/rack/lock.rb:17:in `call'
  rack (1.5.5) lib/rack/content_length.rb:14:in `call'
  rack (1.5.5) lib/rack/handler/webrick.rb:60:in `service'
  /Users/jasmine/.rvm/rubies/ruby-2.2.1/lib/ruby/2.2.0/webrick/httpserver.rb:138:in `service'
  /Users/jasmine/.rvm/rubies/ruby-2.2.1/lib/ruby/2.2.0/webrick/httpserver.rb:94:in `run'
  /Users/jasmine/.rvm/rubies/ruby-2.2.1/lib/ruby/2.2.0/webrick/server.rb:294:in `block in start_thread'


  Rendered /Users/jasmine/.rvm/gems/ruby-2.2.1/gems/actionpack-4.1.10/lib/action_dispatch/middleware/templates/rescues/_trace.html.erb (1.1ms)
  Rendered /Users/jasmine/.rvm/gems/ruby-2.2.1/gems/actionpack-4.1.10/lib/action_dispatch/middleware/templates/routes/_table.html.erb (12.1ms)
  Rendered /Users/jasmine/.rvm/gems/ruby-2.2.1/gems/actionpack-4.1.10/lib/action_dispatch/middleware/templates/rescues/routing_error.html.erb within rescues/layout (58.9ms)


Started GET "/" for 127.0.0.1 at 2015-06-22 14:28:12 +1200
Processing by Rails::WelcomeController#index as HTML
  Rendered /Users/jasmine/.rvm/gems/ruby-2.2.1/gems/railties-4.1.10/lib/rails/templates/rails/welcome/index.html.erb (0.1ms)
Completed 200 OK in 4ms (Views: 2.9ms | ActiveRecord: 0.0ms)


Started GET "/" for 127.0.0.1 at 2015-06-22 14:30:36 +1200
Processing by Rails::WelcomeController#index as HTML
  Rendered /Users/jasmine/.rvm/gems/ruby-2.2.1/gems/railties-4.1.10/lib/rails/templates/rails/welcome/index.html.erb (0.1ms)
Completed 200 OK in 6ms (Views: 4.7ms | ActiveRecord: 0.0ms)


Started GET "/" for 127.0.0.1 at 2015-06-22 14:32:16 +1200

ActiveRecord::PendingMigrationError (

Migrations are pending. To resolve this issue, run:

	bin/rake db:migrate RAILS_ENV=development

):
  activerecord (4.1.10) lib/active_record/migration.rb:389:in `check_pending!'
  activerecord (4.1.10) lib/active_record/migration.rb:377:in `call'
  actionpack (4.1.10) lib/action_dispatch/middleware/callbacks.rb:29:in `block in call'
  activesupport (4.1.10) lib/active_support/callbacks.rb:82:in `run_callbacks'
  actionpack (4.1.10) lib/action_dispatch/middleware/callbacks.rb:27:in `call'
  actionpack (4.1.10) lib/action_dispatch/middleware/reloader.rb:73:in `call'
  actionpack (4.1.10) lib/action_dispatch/middleware/remote_ip.rb:76:in `call'
  actionpack (4.1.10) lib/action_dispatch/middleware/debug_exceptions.rb:17:in `call'
  actionpack (4.1.10) lib/action_dispatch/middleware/show_exceptions.rb:30:in `call'
  railties (4.1.10) lib/rails/rack/logger.rb:38:in `call_app'
  railties (4.1.10) lib/rails/rack/logger.rb:20:in `block in call'
  activesupport (4.1.10) lib/active_support/tagged_logging.rb:68:in `block in tagged'
  activesupport (4.1.10) lib/active_support/tagged_logging.rb:26:in `tagged'
  activesupport (4.1.10) lib/active_support/tagged_logging.rb:68:in `tagged'
  railties (4.1.10) lib/rails/rack/logger.rb:20:in `call'
  actionpack (4.1.10) lib/action_dispatch/middleware/request_id.rb:21:in `call'
  rack (1.5.5) lib/rack/methodoverride.rb:21:in `call'
  rack (1.5.5) lib/rack/runtime.rb:17:in `call'
  activesupport (4.1.10) lib/active_support/cache/strategy/local_cache_middleware.rb:26:in `call'
  rack (1.5.5) lib/rack/lock.rb:17:in `call'
  actionpack (4.1.10) lib/action_dispatch/middleware/static.rb:84:in `call'
  rack (1.5.5) lib/rack/sendfile.rb:112:in `call'
  railties (4.1.10) lib/rails/engine.rb:514:in `call'
  railties (4.1.10) lib/rails/application.rb:144:in `call'
  rack (1.5.5) lib/rack/lock.rb:17:in `call'
  rack (1.5.5) lib/rack/content_length.rb:14:in `call'
  rack (1.5.5) lib/rack/handler/webrick.rb:60:in `service'
  /Users/jasmine/.rvm/rubies/ruby-2.2.1/lib/ruby/2.2.0/webrick/httpserver.rb:138:in `service'
  /Users/jasmine/.rvm/rubies/ruby-2.2.1/lib/ruby/2.2.0/webrick/httpserver.rb:94:in `run'
  /Users/jasmine/.rvm/rubies/ruby-2.2.1/lib/ruby/2.2.0/webrick/server.rb:294:in `block in start_thread'


  Rendered /Users/jasmine/.rvm/gems/ruby-2.2.1/gems/actionpack-4.1.10/lib/action_dispatch/middleware/templates/rescues/_source.erb (0.5ms)
  Rendered /Users/jasmine/.rvm/gems/ruby-2.2.1/gems/actionpack-4.1.10/lib/action_dispatch/middleware/templates/rescues/_trace.html.erb (1.2ms)
  Rendered /Users/jasmine/.rvm/gems/ruby-2.2.1/gems/actionpack-4.1.10/lib/action_dispatch/middleware/templates/rescues/_request_and_response.html.erb (1.0ms)
  Rendered /Users/jasmine/.rvm/gems/ruby-2.2.1/gems/actionpack-4.1.10/lib/action_dispatch/middleware/templates/rescues/diagnostics.erb within rescues/layout (52.5ms)
  [1m[36m (3.7ms)[0m  [1mCREATE TABLE "schema_migrations" ("version" varchar(255) NOT NULL) [0m
  [1m[35m (0.2ms)[0m  select sqlite_version(*)
  [1m[36m (3.6ms)[0m  [1mCREATE UNIQUE INDEX "unique_schema_migrations" ON "schema_migrations" ("version")[0m
  [1m[35mActiveRecord::SchemaMigration Load (0.1ms)[0m  SELECT "schema_migrations".* FROM "schema_migrations"
Migrating to CreateFlowers (20150622023121)
  [1m[36m (0.1ms)[0m  [1mbegin transaction[0m
  [1m[35m (0.5ms)[0m  CREATE TABLE "flowers" ("id" INTEGER PRIMARY KEY AUTOINCREMENT NOT NULL, "created_at" datetime, "updated_at" datetime) 
  [1m[36mSQL (0.2ms)[0m  [1mINSERT INTO "schema_migrations" ("version") VALUES (?)[0m  [["version", "20150622023121"]]
  [1m[35m (1.4ms)[0m  commit transaction
  [1m[36mActiveRecord::SchemaMigration Load (0.1ms)[0m  [1mSELECT "schema_migrations".* FROM "schema_migrations"[0m


Started GET "/" for 127.0.0.1 at 2015-06-22 14:32:35 +1200
  [1m[36mActiveRecord::SchemaMigration Load (0.1ms)[0m  [1mSELECT "schema_migrations".* FROM "schema_migrations"[0m
Processing by Rails::WelcomeController#index as HTML
  Rendered /Users/jasmine/.rvm/gems/ruby-2.2.1/gems/railties-4.1.10/lib/rails/templates/rails/welcome/index.html.erb (0.1ms)
Completed 200 OK in 3ms (Views: 2.2ms | ActiveRecord: 0.0ms)


Started GET "/" for 127.0.0.1 at 2015-06-22 14:32:48 +1200

ArgumentError (must be called with a path and/or options):
  config/routes.rb:4:in `block in <top (required)>'
  config/routes.rb:1:in `<top (required)>'


  Rendered /Users/jasmine/.rvm/gems/ruby-2.2.1/gems/actionpack-4.1.10/lib/action_dispatch/middleware/templates/rescues/_source.erb (0.9ms)
  Rendered /Users/jasmine/.rvm/gems/ruby-2.2.1/gems/actionpack-4.1.10/lib/action_dispatch/middleware/templates/rescues/_trace.html.erb (1.5ms)
  Rendered /Users/jasmine/.rvm/gems/ruby-2.2.1/gems/actionpack-4.1.10/lib/action_dispatch/middleware/templates/rescues/_request_and_response.html.erb (0.9ms)
  Rendered /Users/jasmine/.rvm/gems/ruby-2.2.1/gems/actionpack-4.1.10/lib/action_dispatch/middleware/templates/rescues/diagnostics.erb within rescues/layout (69.8ms)


Started GET "/" for 127.0.0.1 at 2015-06-22 14:35:39 +1200
Processing by FlowersController#index as HTML
  [1m[35mFlower Load (1.7ms)[0m  SELECT "flowers".* FROM "flowers"
  Rendered flowers/index.html.erb within layouts/application (3.5ms)
Completed 200 OK in 1557ms (Views: 1551.9ms | ActiveRecord: 1.7ms)


Started GET "/assets/flowers.css?body=1" for 127.0.0.1 at 2015-06-22 14:35:41 +1200


Started GET "/assets/application.css?body=1" for 127.0.0.1 at 2015-06-22 14:35:41 +1200


Started GET "/assets/scaffolds.css?body=1" for 127.0.0.1 at 2015-06-22 14:35:41 +1200


Started GET "/assets/jquery.js?body=1" for 127.0.0.1 at 2015-06-22 14:35:41 +1200


Started GET "/assets/turbolinks.js?body=1" for 127.0.0.1 at 2015-06-22 14:35:41 +1200


Started GET "/assets/jquery_ujs.js?body=1" for 127.0.0.1 at 2015-06-22 14:35:41 +1200


Started GET "/assets/flowers.js?body=1" for 127.0.0.1 at 2015-06-22 14:35:41 +1200


Started GET "/assets/application.js?body=1" for 127.0.0.1 at 2015-06-22 14:35:41 +1200


Started GET "/" for 127.0.0.1 at 2015-06-22 14:55:35 +1200

ActionController::RoutingError (uninitialized constant HomeController):
  activesupport (4.1.10) lib/active_support/inflector/methods.rb:238:in `const_get'
  activesupport (4.1.10) lib/active_support/inflector/methods.rb:238:in `block in constantize'
  activesupport (4.1.10) lib/active_support/inflector/methods.rb:236:in `each'
  activesupport (4.1.10) lib/active_support/inflector/methods.rb:236:in `inject'
  activesupport (4.1.10) lib/active_support/inflector/methods.rb:236:in `constantize'
  actionpack (4.1.10) lib/action_dispatch/routing/route_set.rb:78:in `controller_reference'
  actionpack (4.1.10) lib/action_dispatch/routing/route_set.rb:68:in `controller'
  actionpack (4.1.10) lib/action_dispatch/routing/route_set.rb:46:in `call'
  actionpack (4.1.10) lib/action_dispatch/journey/router.rb:73:in `block in call'
  actionpack (4.1.10) lib/action_dispatch/journey/router.rb:59:in `each'
  actionpack (4.1.10) lib/action_dispatch/journey/router.rb:59:in `call'
  actionpack (4.1.10) lib/action_dispatch/routing/route_set.rb:692:in `call'
  rack (1.5.5) lib/rack/etag.rb:23:in `call'
  rack (1.5.5) lib/rack/conditionalget.rb:25:in `call'
  rack (1.5.5) lib/rack/head.rb:11:in `call'
  actionpack (4.1.10) lib/action_dispatch/middleware/params_parser.rb:27:in `call'
  actionpack (4.1.10) lib/action_dispatch/middleware/flash.rb:254:in `call'
  rack (1.5.5) lib/rack/session/abstract/id.rb:225:in `context'
  rack (1.5.5) lib/rack/session/abstract/id.rb:220:in `call'
  actionpack (4.1.10) lib/action_dispatch/middleware/cookies.rb:562:in `call'
  activerecord (4.1.10) lib/active_record/query_cache.rb:36:in `call'
  activerecord (4.1.10) lib/active_record/connection_adapters/abstract/connection_pool.rb:621:in `call'
  activerecord (4.1.10) lib/active_record/migration.rb:380:in `call'
  actionpack (4.1.10) lib/action_dispatch/middleware/callbacks.rb:29:in `block in call'
  activesupport (4.1.10) lib/active_support/callbacks.rb:82:in `run_callbacks'
  actionpack (4.1.10) lib/action_dispatch/middleware/callbacks.rb:27:in `call'
  actionpack (4.1.10) lib/action_dispatch/middleware/reloader.rb:73:in `call'
  actionpack (4.1.10) lib/action_dispatch/middleware/remote_ip.rb:76:in `call'
  actionpack (4.1.10) lib/action_dispatch/middleware/debug_exceptions.rb:17:in `call'
  actionpack (4.1.10) lib/action_dispatch/middleware/show_exceptions.rb:30:in `call'
  railties (4.1.10) lib/rails/rack/logger.rb:38:in `call_app'
  railties (4.1.10) lib/rails/rack/logger.rb:20:in `block in call'
  activesupport (4.1.10) lib/active_support/tagged_logging.rb:68:in `block in tagged'
  activesupport (4.1.10) lib/active_support/tagged_logging.rb:26:in `tagged'
  activesupport (4.1.10) lib/active_support/tagged_logging.rb:68:in `tagged'
  railties (4.1.10) lib/rails/rack/logger.rb:20:in `call'
  actionpack (4.1.10) lib/action_dispatch/middleware/request_id.rb:21:in `call'
  rack (1.5.5) lib/rack/methodoverride.rb:21:in `call'
  rack (1.5.5) lib/rack/runtime.rb:17:in `call'
  activesupport (4.1.10) lib/active_support/cache/strategy/local_cache_middleware.rb:26:in `call'
  rack (1.5.5) lib/rack/lock.rb:17:in `call'
  actionpack (4.1.10) lib/action_dispatch/middleware/static.rb:84:in `call'
  rack (1.5.5) lib/rack/sendfile.rb:112:in `call'
  railties (4.1.10) lib/rails/engine.rb:514:in `call'
  railties (4.1.10) lib/rails/application.rb:144:in `call'
  rack (1.5.5) lib/rack/lock.rb:17:in `call'
  rack (1.5.5) lib/rack/content_length.rb:14:in `call'
  rack (1.5.5) lib/rack/handler/webrick.rb:60:in `service'
  /Users/jasmine/.rvm/rubies/ruby-2.2.1/lib/ruby/2.2.0/webrick/httpserver.rb:138:in `service'
  /Users/jasmine/.rvm/rubies/ruby-2.2.1/lib/ruby/2.2.0/webrick/httpserver.rb:94:in `run'
  /Users/jasmine/.rvm/rubies/ruby-2.2.1/lib/ruby/2.2.0/webrick/server.rb:294:in `block in start_thread'


  Rendered /Users/jasmine/.rvm/gems/ruby-2.2.1/gems/actionpack-4.1.10/lib/action_dispatch/middleware/templates/rescues/_trace.html.erb (1.1ms)
  Rendered /Users/jasmine/.rvm/gems/ruby-2.2.1/gems/actionpack-4.1.10/lib/action_dispatch/middleware/templates/routes/_route.html.erb (1.6ms)
  Rendered /Users/jasmine/.rvm/gems/ruby-2.2.1/gems/actionpack-4.1.10/lib/action_dispatch/middleware/templates/routes/_table.html.erb (1.2ms)
  Rendered /Users/jasmine/.rvm/gems/ruby-2.2.1/gems/actionpack-4.1.10/lib/action_dispatch/middleware/templates/rescues/routing_error.html.erb within rescues/layout (65.3ms)


Started GET "/" for 127.0.0.1 at 2015-06-22 14:57:32 +1200
Processing by FlowersController#index as HTML
  [1m[36mFlower Load (1.3ms)[0m  [1mSELECT "flowers".* FROM "flowers"[0m
  Rendered flowers/index.html.erb within layouts/application (2.3ms)
Completed 200 OK in 48ms (Views: 42.9ms | ActiveRecord: 1.3ms)


Started GET "/assets/flowers.css?body=1" for 127.0.0.1 at 2015-06-22 14:57:32 +1200


Started GET "/assets/application.css?body=1" for 127.0.0.1 at 2015-06-22 14:57:32 +1200


Started GET "/assets/scaffolds.css?body=1" for 127.0.0.1 at 2015-06-22 14:57:32 +1200


Started GET "/assets/jquery_ujs.js?body=1" for 127.0.0.1 at 2015-06-22 14:57:32 +1200


Started GET "/assets/jquery.js?body=1" for 127.0.0.1 at 2015-06-22 14:57:32 +1200


Started GET "/assets/turbolinks.js?body=1" for 127.0.0.1 at 2015-06-22 14:57:32 +1200


Started GET "/assets/application.js?body=1" for 127.0.0.1 at 2015-06-22 14:57:32 +1200


Started GET "/assets/flowers.js?body=1" for 127.0.0.1 at 2015-06-22 14:57:32 +1200


Started GET "/" for 127.0.0.1 at 2015-06-22 15:05:29 +1200
Processing by FlowersController#index as HTML
  [1m[35mFlower Load (0.2ms)[0m  SELECT "flowers".* FROM "flowers"
  Rendered flowers/index.html.erb within layouts/application (41.6ms)
Completed 500 Internal Server Error in 49ms (ActiveRecord: 0.2ms)

ActionView::Template::Error (undefined local variable or method `root_path' for #<#<Class:0x007fef9ca90c70>:0x007fef9d985208>):
    1: <h1>Eternal Petals</h1>
    2: 
    3: <%= link_to image_tag("High_res_flowers.jpg"), root_path %>
  app/views/flowers/index.html.erb:3:in `_app_views_flowers_index_html_erb___3878255941070616059_70333554411680'


  Rendered /Users/jasmine/.rvm/gems/ruby-2.2.1/gems/actionpack-4.1.10/lib/action_dispatch/middleware/templates/rescues/_trace.html.erb (1.2ms)
  Rendered /Users/jasmine/.rvm/gems/ruby-2.2.1/gems/actionpack-4.1.10/lib/action_dispatch/middleware/templates/rescues/_request_and_response.html.erb (1.1ms)
  Rendered /Users/jasmine/.rvm/gems/ruby-2.2.1/gems/actionpack-4.1.10/lib/action_dispatch/middleware/templates/rescues/template_error.html.erb within rescues/layout (39.1ms)


Started GET "/" for 127.0.0.1 at 2015-06-22 15:08:02 +1200
Processing by FlowersController#index as HTML
  Rendered flowers/index.html.erb within layouts/application (1.0ms)
Completed 200 OK in 51ms (Views: 50.1ms | ActiveRecord: 0.0ms)


Started GET "/assets/flowers.css?body=1" for 127.0.0.1 at 2015-06-22 15:08:03 +1200


Started GET "/assets/scaffolds.css?body=1" for 127.0.0.1 at 2015-06-22 15:08:03 +1200


Started GET "/assets/application.css?body=1" for 127.0.0.1 at 2015-06-22 15:08:03 +1200


Started GET "/assets/flowers.js?body=1" for 127.0.0.1 at 2015-06-22 15:08:03 +1200


Started GET "/assets/turbolinks.js?body=1" for 127.0.0.1 at 2015-06-22 15:08:03 +1200


Started GET "/assets/jquery_ujs.js?body=1" for 127.0.0.1 at 2015-06-22 15:08:03 +1200


Started GET "/assets/jquery.js?body=1" for 127.0.0.1 at 2015-06-22 15:08:03 +1200


Started GET "/assets/application.js?body=1" for 127.0.0.1 at 2015-06-22 15:08:03 +1200


Started GET "/assets/High_res_flowers.jpg" for 127.0.0.1 at 2015-06-22 15:08:03 +1200


Started GET "/" for 127.0.0.1 at 2015-06-22 15:13:17 +1200
Processing by FlowersController#index as HTML
  Rendered flowers/index.html.erb within layouts/application (0.5ms)
Completed 200 OK in 56ms (Views: 54.9ms | ActiveRecord: 0.0ms)


Started GET "/assets/flowers.css?body=1" for 127.0.0.1 at 2015-06-22 15:13:17 +1200


Started GET "/assets/scaffolds.css?body=1" for 127.0.0.1 at 2015-06-22 15:13:17 +1200


Started GET "/assets/application.css?body=1" for 127.0.0.1 at 2015-06-22 15:13:17 +1200


Started GET "/assets/jquery.js?body=1" for 127.0.0.1 at 2015-06-22 15:13:17 +1200


Started GET "/assets/turbolinks.js?body=1" for 127.0.0.1 at 2015-06-22 15:13:17 +1200


Started GET "/assets/jquery_ujs.js?body=1" for 127.0.0.1 at 2015-06-22 15:13:17 +1200


Started GET "/assets/application.js?body=1" for 127.0.0.1 at 2015-06-22 15:13:17 +1200


Started GET "/assets/flowers.js?body=1" for 127.0.0.1 at 2015-06-22 15:13:17 +1200


Started GET "/assets/High_res_flowers.jpg" for 127.0.0.1 at 2015-06-22 15:13:17 +1200
